[2022-12-09 17:18:53] [INFO   ] cannot read configuration file config.properties trying from resources.
[2022-12-09 17:18:53] [INFO   ] configuration file was loaded from resources directory.
[2022-12-09 17:18:53] [SEVERE ] placing card 8 in slot 0
[2022-12-09 17:18:53] [SEVERE ] placing card 78 in slot 1
[2022-12-09 17:18:54] [SEVERE ] placing card 55 in slot 2
[2022-12-09 17:18:54] [SEVERE ] placing card 23 in slot 3
[2022-12-09 17:18:54] [SEVERE ] placing card 35 in slot 4
[2022-12-09 17:18:54] [SEVERE ] placing card 60 in slot 5
[2022-12-09 17:18:54] [SEVERE ] placing card 22 in slot 6
[2022-12-09 17:18:55] [SEVERE ] placing card 7 in slot 7
[2022-12-09 17:18:55] [SEVERE ] placing card 36 in slot 8
[2022-12-09 17:18:55] [SEVERE ] placing card 2 in slot 9
[2022-12-09 17:18:55] [SEVERE ] placing card 19 in slot 10
[2022-12-09 17:18:55] [SEVERE ] placing card 68 in slot 11
[2022-12-09 17:18:57] [SEVERE ] Key 81 was pressed by player 0
[2022-12-09 17:18:57] [SEVERE ] player 0 placing token on slot 0
[2022-12-09 17:18:58] [SEVERE ] Key 81 was pressed by player 0
[2022-12-09 17:18:58] [SEVERE ] removing player 0 token from slot 0
[2022-12-09 17:18:59] [SEVERE ] Key 81 was pressed by player 0
[2022-12-09 17:18:59] [SEVERE ] player 0 placing token on slot 0
[2022-12-09 17:18:59] [SEVERE ] Key 87 was pressed by player 0
[2022-12-09 17:18:59] [SEVERE ] player 0 placing token on slot 1
[2022-12-09 17:19:00] [SEVERE ] Key 87 was pressed by player 0
[2022-12-09 17:19:00] [SEVERE ] removing player 0 token from slot 1
[2022-12-09 17:19:00] [SEVERE ] Key 81 was pressed by player 0
[2022-12-09 17:19:00] [SEVERE ] removing player 0 token from slot 0
[2022-12-09 17:19:01] [SEVERE ] Key 81 was pressed by player 0
[2022-12-09 17:19:01] [SEVERE ] player 0 placing token on slot 0
[2022-12-09 17:19:01] [SEVERE ] Key 87 was pressed by player 0
[2022-12-09 17:19:01] [SEVERE ] player 0 placing token on slot 1
[2022-12-09 17:19:01] [SEVERE ] Key 69 was pressed by player 0
[2022-12-09 17:19:01] [SEVERE ] player 0 placing token on slot 2
[2022-12-09 17:19:02] [SEVERE ] Key 69 was pressed by player 0
[2022-12-09 17:19:02] [SEVERE ] removing player 0 token from slot 2
[2022-12-09 17:19:03] [SEVERE ] Key 87 was pressed by player 0
[2022-12-09 17:19:03] [SEVERE ] removing player 0 token from slot 1
[2022-12-09 17:19:03] [SEVERE ] Key 81 was pressed by player 0
[2022-12-09 17:19:03] [SEVERE ] removing player 0 token from slot 0
[2022-12-09 17:19:04] [SEVERE ] Key 81 was pressed by player 0
[2022-12-09 17:19:04] [SEVERE ] player 0 placing token on slot 0
[2022-12-09 17:19:04] [SEVERE ] Key 87 was pressed by player 0
[2022-12-09 17:19:04] [SEVERE ] player 0 placing token on slot 1
[2022-12-09 17:19:04] [SEVERE ] Key 69 was pressed by player 0
[2022-12-09 17:19:04] [SEVERE ] player 0 placing token on slot 2
[2022-12-09 17:19:05] [SEVERE ] Key 65 was pressed by player 0
[2022-12-09 17:19:05] [SEVERE ] player 0 placing token on slot 4
[2022-12-09 17:19:05] [SEVERE ] Key 83 was pressed by player 0
[2022-12-09 17:19:05] [SEVERE ] player 0 placing token on slot 5
[2022-12-09 17:19:06] [SEVERE ] Key 68 was pressed by player 0
[2022-12-09 17:19:06] [SEVERE ] player 0 placing token on slot 6
[2022-12-09 17:19:06] [SEVERE ] Key 87 was pressed by player 0
[2022-12-09 17:19:06] [SEVERE ] removing player 0 token from slot 1
[2022-12-09 17:19:06] [SEVERE ] Key 81 was pressed by player 0
[2022-12-09 17:19:06] [SEVERE ] removing player 0 token from slot 0
[2022-12-09 17:19:07] [SEVERE ] Key 87 was pressed by player 0
[2022-12-09 17:19:07] [SEVERE ] player 0 placing token on slot 1
[2022-12-09 17:19:07] [SEVERE ] Key 69 was pressed by player 0
[2022-12-09 17:19:07] [SEVERE ] removing player 0 token from slot 2
[2022-12-09 17:19:07] [SEVERE ] Key 87 was pressed by player 0
[2022-12-09 17:19:07] [SEVERE ] removing player 0 token from slot 1
[2022-12-09 17:19:08] [SEVERE ] Key 81 was pressed by player 0
[2022-12-09 17:19:08] [SEVERE ] player 0 placing token on slot 0
[2022-12-09 17:19:08] [SEVERE ] Key 65 was pressed by player 0
[2022-12-09 17:19:08] [SEVERE ] removing player 0 token from slot 4
[2022-12-09 17:19:08] [SEVERE ] Key 83 was pressed by player 0
[2022-12-09 17:19:08] [SEVERE ] removing player 0 token from slot 5
[2022-12-09 17:19:09] [SEVERE ] Key 68 was pressed by player 0
[2022-12-09 17:19:09] [SEVERE ] removing player 0 token from slot 6
[2022-12-09 17:19:09] [SEVERE ] Key 87 was pressed by player 0
[2022-12-09 17:19:09] [SEVERE ] player 0 placing token on slot 1
[2022-12-09 17:19:09] [SEVERE ] Key 81 was pressed by player 0
[2022-12-09 17:19:09] [SEVERE ] removing player 0 token from slot 0
[2022-12-09 17:19:10] [SEVERE ] Key 87 was pressed by player 0
[2022-12-09 17:19:10] [SEVERE ] removing player 0 token from slot 1
[2022-12-09 17:19:10] [SEVERE ] Key 81 was pressed by player 0
[2022-12-09 17:19:10] [SEVERE ] player 0 placing token on slot 0
[2022-12-09 17:19:10] [SEVERE ] Key 87 was pressed by player 0
[2022-12-09 17:19:10] [SEVERE ] player 0 placing token on slot 1
[2022-12-09 17:19:10] [SEVERE ] Key 81 was pressed by player 0
[2022-12-09 17:19:10] [SEVERE ] removing player 0 token from slot 0
[2022-12-09 17:19:10] [SEVERE ] Key 87 was pressed by player 0
[2022-12-09 17:19:10] [SEVERE ] removing player 0 token from slot 1
[2022-12-09 17:19:10] [SEVERE ] Key 81 was pressed by player 0
[2022-12-09 17:19:10] [SEVERE ] player 0 placing token on slot 0
[2022-12-09 17:19:10] [SEVERE ] Key 87 was pressed by player 0
[2022-12-09 17:19:10] [SEVERE ] player 0 placing token on slot 1
[2022-12-09 17:19:11] [SEVERE ] Key 81 was pressed by player 0
[2022-12-09 17:19:11] [SEVERE ] removing player 0 token from slot 0
