[2022-12-09 18:02:05] [INFO   ] cannot read configuration file config.properties trying from resources.
[2022-12-09 18:02:05] [INFO   ] configuration file was loaded from resources directory.
[2022-12-09 18:02:06] [SEVERE ] placing card 63 in slot 0
[2022-12-09 18:02:06] [SEVERE ] placing card 4 in slot 1
[2022-12-09 18:02:06] [SEVERE ] placing card 56 in slot 2
[2022-12-09 18:02:06] [SEVERE ] placing card 18 in slot 3
[2022-12-09 18:02:06] [SEVERE ] placing card 26 in slot 4
[2022-12-09 18:02:07] [SEVERE ] placing card 21 in slot 5
[2022-12-09 18:02:07] [SEVERE ] placing card 44 in slot 6
[2022-12-09 18:02:07] [SEVERE ] placing card 12 in slot 7
[2022-12-09 18:02:07] [SEVERE ] placing card 7 in slot 8
[2022-12-09 18:02:07] [SEVERE ] placing card 64 in slot 9
[2022-12-09 18:02:08] [SEVERE ] placing card 28 in slot 10
[2022-12-09 18:02:08] [SEVERE ] placing card 17 in slot 11
[2022-12-09 18:02:09] [SEVERE ] Key 81 was pressed by player 0
[2022-12-09 18:02:09] [SEVERE ] player 0 placing token on slot 0
[2022-12-09 18:02:09] [SEVERE ] Key 87 was pressed by player 0
[2022-12-09 18:02:09] [SEVERE ] player 0 placing token on slot 1
[2022-12-09 18:02:09] [SEVERE ] Key 69 was pressed by player 0
[2022-12-09 18:02:09] [SEVERE ] player 0 placing token on slot 2
[2022-12-09 18:02:10] [SEVERE ] Key 81 was pressed by player 0
[2022-12-09 18:02:10] [SEVERE ] Key 87 was pressed by player 0
[2022-12-09 18:02:10] [SEVERE ] Key 69 was pressed by player 0
