[2022-12-09 17:29:34] [INFO   ] cannot read configuration file config.properties trying from resources.
[2022-12-09 17:29:34] [INFO   ] configuration file was loaded from resources directory.
[2022-12-09 17:29:35] [SEVERE ] placing card 38 in slot 0
[2022-12-09 17:29:35] [SEVERE ] placing card 74 in slot 1
[2022-12-09 17:29:36] [SEVERE ] placing card 56 in slot 2
[2022-12-09 17:29:36] [SEVERE ] placing card 47 in slot 3
[2022-12-09 17:29:36] [SEVERE ] placing card 19 in slot 4
[2022-12-09 17:29:36] [SEVERE ] placing card 62 in slot 5
[2022-12-09 17:29:36] [SEVERE ] placing card 11 in slot 6
[2022-12-09 17:29:37] [SEVERE ] placing card 33 in slot 7
[2022-12-09 17:29:37] [SEVERE ] placing card 63 in slot 8
[2022-12-09 17:29:37] [SEVERE ] placing card 32 in slot 9
[2022-12-09 17:29:37] [SEVERE ] placing card 42 in slot 10
[2022-12-09 17:29:37] [SEVERE ] placing card 65 in slot 11
[2022-12-09 17:29:40] [SEVERE ] Key 81 was pressed by player 0
[2022-12-09 17:29:40] [SEVERE ] player 0 placing token on slot 0
[2022-12-09 17:29:53] [SEVERE ] Key 87 was pressed by player 0
[2022-12-09 17:29:53] [SEVERE ] player 0 placing token on slot 1
[2022-12-09 17:30:04] [SEVERE ] Key 87 was pressed by player 0
[2022-12-09 17:30:04] [SEVERE ] removing player 0 token from slot 1
