[2022-12-09 17:31:00] [INFO   ] cannot read configuration file config.properties trying from resources.
[2022-12-09 17:31:00] [INFO   ] configuration file was loaded from resources directory.
[2022-12-09 17:31:01] [SEVERE ] placing card 59 in slot 0
[2022-12-09 17:31:01] [SEVERE ] placing card 22 in slot 1
[2022-12-09 17:31:01] [SEVERE ] placing card 64 in slot 2
[2022-12-09 17:31:02] [SEVERE ] placing card 53 in slot 3
[2022-12-09 17:31:02] [SEVERE ] placing card 15 in slot 4
[2022-12-09 17:31:02] [SEVERE ] placing card 27 in slot 5
[2022-12-09 17:31:02] [SEVERE ] placing card 76 in slot 6
[2022-12-09 17:31:02] [SEVERE ] placing card 73 in slot 7
[2022-12-09 17:31:03] [SEVERE ] placing card 43 in slot 8
[2022-12-09 17:31:03] [SEVERE ] placing card 75 in slot 9
[2022-12-09 17:31:03] [SEVERE ] placing card 55 in slot 10
[2022-12-09 17:31:03] [SEVERE ] placing card 7 in slot 11
[2022-12-09 17:31:04] [SEVERE ] Key 81 was pressed by player 0
[2022-12-09 17:31:04] [SEVERE ] player 0 placing token on slot 0
[2022-12-09 17:31:04] [SEVERE ] Key 87 was pressed by player 0
[2022-12-09 17:31:04] [SEVERE ] player 0 placing token on slot 1
[2022-12-09 17:31:04] [SEVERE ] Key 69 was pressed by player 0
[2022-12-09 17:31:04] [SEVERE ] player 0 placing token on slot 2
[2022-12-09 17:31:05] [SEVERE ] Key 65 was pressed by player 0
[2022-12-09 17:31:06] [SEVERE ] Key 65 was pressed by player 0
[2022-12-09 17:31:06] [SEVERE ] Key 83 was pressed by player 0
[2022-12-09 17:31:06] [SEVERE ] Key 83 was pressed by player 0
[2022-12-09 17:31:07] [SEVERE ] Key 68 was pressed by player 0
[2022-12-09 17:31:07] [SEVERE ] Key 68 was pressed by player 0
[2022-12-09 17:31:07] [SEVERE ] Key 69 was pressed by player 0
[2022-12-09 17:31:08] [SEVERE ] Key 87 was pressed by player 0
[2022-12-09 17:31:08] [SEVERE ] Key 81 was pressed by player 0
[2022-12-09 17:31:08] [SEVERE ] Key 65 was pressed by player 0
[2022-12-09 17:31:09] [SEVERE ] Key 83 was pressed by player 0
[2022-12-09 17:31:09] [SEVERE ] Key 68 was pressed by player 0
[2022-12-09 17:31:09] [SEVERE ] Key 70 was pressed by player 0
[2022-12-09 17:31:09] [SEVERE ] Key 70 was pressed by player 0
[2022-12-09 17:31:10] [SEVERE ] Key 82 was pressed by player 0
[2022-12-09 17:31:10] [SEVERE ] Key 69 was pressed by player 0
[2022-12-09 17:31:10] [SEVERE ] Key 87 was pressed by player 0
[2022-12-09 17:31:10] [SEVERE ] Key 81 was pressed by player 0
[2022-12-09 17:31:10] [SEVERE ] Key 81 was pressed by player 0
