[2022-12-09 17:26:36] [INFO   ] cannot read configuration file config.properties trying from resources.
[2022-12-09 17:26:36] [INFO   ] configuration file was loaded from resources directory.
[2022-12-09 17:26:37] [SEVERE ] placing card 17 in slot 0
[2022-12-09 17:26:37] [SEVERE ] placing card 6 in slot 1
[2022-12-09 17:26:37] [SEVERE ] placing card 0 in slot 2
[2022-12-09 17:26:38] [SEVERE ] placing card 1 in slot 3
[2022-12-09 17:26:38] [SEVERE ] placing card 47 in slot 4
[2022-12-09 17:26:38] [SEVERE ] placing card 72 in slot 5
[2022-12-09 17:26:38] [SEVERE ] placing card 28 in slot 6
[2022-12-09 17:26:38] [SEVERE ] placing card 36 in slot 7
[2022-12-09 17:26:39] [SEVERE ] placing card 41 in slot 8
[2022-12-09 17:26:39] [SEVERE ] placing card 55 in slot 9
[2022-12-09 17:26:39] [SEVERE ] placing card 30 in slot 10
[2022-12-09 17:26:39] [SEVERE ] placing card 32 in slot 11
[2022-12-09 17:26:41] [SEVERE ] Key 81 was pressed by player 0
[2022-12-09 17:26:41] [SEVERE ] player 0 placing token on slot 0
[2022-12-09 17:26:43] [SEVERE ] Key 87 was pressed by player 0
[2022-12-09 17:26:43] [SEVERE ] player 0 placing token on slot 1
[2022-12-09 17:26:51] [SEVERE ] Key 81 was pressed by player 0
[2022-12-09 17:26:51] [SEVERE ] removing player 0 token from slot 0
[2022-12-09 17:27:03] [SEVERE ] Key 81 was pressed by player 0
[2022-12-09 17:27:04] [SEVERE ] Key 81 was pressed by player 0
[2022-12-09 17:27:04] [SEVERE ] Key 81 was pressed by player 0
[2022-12-09 17:27:05] [SEVERE ] Key 87 was pressed by player 0
[2022-12-09 17:27:05] [SEVERE ] Key 87 was pressed by player 0
[2022-12-09 17:27:06] [SEVERE ] Key 69 was pressed by player 0
[2022-12-09 17:27:06] [SEVERE ] Key 69 was pressed by player 0
[2022-12-09 17:27:07] [SEVERE ] Key 69 was pressed by player 0
[2022-12-09 17:27:09] [SEVERE ] player 0 placing token on slot 0
[2022-12-09 17:27:09] [SEVERE ] removing player 0 token from slot 0
[2022-12-09 17:27:12] [SEVERE ] player 0 placing token on slot 0
[2022-12-09 17:27:12] [SEVERE ] removing player 0 token from slot 1
[2022-12-09 17:27:12] [SEVERE ] player 0 placing token on slot 1
[2022-12-09 17:27:12] [SEVERE ] player 0 placing token on slot 2
[2022-12-09 17:27:12] [SEVERE ] removing player 0 token from slot 2
[2022-12-09 17:27:13] [SEVERE ] player 0 placing token on slot 2
