[2022-12-09 17:08:34] [INFO   ] cannot read configuration file config.properties trying from resources.
[2022-12-09 17:08:34] [INFO   ] configuration file was loaded from resources directory.
[2022-12-09 17:08:35] [SEVERE ] placing card 13 in slot 0
[2022-12-09 17:08:35] [SEVERE ] placing card 32 in slot 1
[2022-12-09 17:08:36] [SEVERE ] placing card 29 in slot 2
[2022-12-09 17:08:36] [SEVERE ] placing card 53 in slot 3
[2022-12-09 17:08:36] [SEVERE ] placing card 54 in slot 4
[2022-12-09 17:08:36] [SEVERE ] placing card 49 in slot 5
[2022-12-09 17:08:36] [SEVERE ] placing card 9 in slot 6
[2022-12-09 17:08:37] [SEVERE ] placing card 46 in slot 7
[2022-12-09 17:08:37] [SEVERE ] placing card 51 in slot 8
[2022-12-09 17:08:37] [SEVERE ] placing card 4 in slot 9
[2022-12-09 17:08:37] [SEVERE ] placing card 79 in slot 10
[2022-12-09 17:08:37] [SEVERE ] placing card 27 in slot 11
[2022-12-09 17:08:39] [SEVERE ] Key 65 was pressed by player 0
[2022-12-09 17:08:39] [SEVERE ] player 0 placing token on slot 4
[2022-12-09 17:08:40] [SEVERE ] Key 65 was pressed by player 0
[2022-12-09 17:08:40] [SEVERE ] removing player 0 token from slot 4
[2022-12-09 17:08:40] [SEVERE ] Key 65 was pressed by player 0
[2022-12-09 17:08:40] [SEVERE ] player 0 placing token on slot 4
[2022-12-09 17:08:41] [SEVERE ] Key 83 was pressed by player 0
[2022-12-09 17:08:41] [SEVERE ] player 0 placing token on slot 5
[2022-12-09 17:08:41] [SEVERE ] Key 68 was pressed by player 0
[2022-12-09 17:08:41] [SEVERE ] player 0 placing token on slot 6
[2022-12-09 17:08:42] [SEVERE ] Key 70 was pressed by player 0
[2022-12-09 17:08:42] [SEVERE ] player 0 placing token on slot 7
[2022-12-09 17:08:43] [SEVERE ] Key 82 was pressed by player 0
[2022-12-09 17:08:43] [SEVERE ] player 0 placing token on slot 3
[2022-12-09 17:08:43] [SEVERE ] Key 69 was pressed by player 0
[2022-12-09 17:08:43] [SEVERE ] player 0 placing token on slot 2
[2022-12-09 17:08:43] [SEVERE ] Key 87 was pressed by player 0
[2022-12-09 17:08:43] [SEVERE ] player 0 placing token on slot 1
[2022-12-09 17:08:44] [SEVERE ] Key 65 was pressed by player 0
[2022-12-09 17:08:44] [SEVERE ] removing player 0 token from slot 4
[2022-12-09 17:08:44] [SEVERE ] Key 83 was pressed by player 0
[2022-12-09 17:08:44] [SEVERE ] removing player 0 token from slot 5
[2022-12-09 17:08:44] [SEVERE ] Key 68 was pressed by player 0
[2022-12-09 17:08:44] [SEVERE ] removing player 0 token from slot 6
[2022-12-09 17:08:45] [SEVERE ] Key 68 was pressed by player 0
[2022-12-09 17:08:45] [SEVERE ] player 0 placing token on slot 6
