[2022-12-09 17:24:15] [INFO   ] cannot read configuration file config.properties trying from resources.
[2022-12-09 17:24:15] [INFO   ] configuration file was loaded from resources directory.
[2022-12-09 17:24:16] [SEVERE ] placing card 45 in slot 0
[2022-12-09 17:24:16] [SEVERE ] placing card 29 in slot 1
[2022-12-09 17:24:16] [SEVERE ] placing card 77 in slot 2
[2022-12-09 17:24:16] [SEVERE ] placing card 19 in slot 3
[2022-12-09 17:24:16] [SEVERE ] placing card 4 in slot 4
[2022-12-09 17:24:17] [SEVERE ] placing card 7 in slot 5
[2022-12-09 17:24:17] [SEVERE ] placing card 41 in slot 6
[2022-12-09 17:24:17] [SEVERE ] placing card 6 in slot 7
[2022-12-09 17:24:17] [SEVERE ] placing card 60 in slot 8
[2022-12-09 17:24:17] [SEVERE ] placing card 27 in slot 9
[2022-12-09 17:24:18] [SEVERE ] placing card 52 in slot 10
[2022-12-09 17:24:18] [SEVERE ] placing card 33 in slot 11
[2022-12-09 17:24:19] [SEVERE ] Key 81 was pressed by player 0
[2022-12-09 17:24:19] [SEVERE ] player 0 placing token on slot 0
[2022-12-09 17:24:19] [SEVERE ] Key 87 was pressed by player 0
[2022-12-09 17:24:19] [SEVERE ] player 0 placing token on slot 1
[2022-12-09 17:24:20] [SEVERE ] Key 69 was pressed by player 0
[2022-12-09 17:24:20] [SEVERE ] player 0 placing token on slot 2
[2022-12-09 17:24:20] [SEVERE ] Key 65 was pressed by player 0
[2022-12-09 17:24:20] [SEVERE ] player 0 placing token on slot 4
[2022-12-09 17:24:21] [SEVERE ] Key 83 was pressed by player 0
[2022-12-09 17:24:21] [SEVERE ] player 0 placing token on slot 5
[2022-12-09 17:24:21] [SEVERE ] Key 68 was pressed by player 0
[2022-12-09 17:24:21] [SEVERE ] player 0 placing token on slot 6
[2022-12-09 17:24:31] [SEVERE ] Key 81 was pressed by player 0
[2022-12-09 17:24:31] [SEVERE ] removing player 0 token from slot 0
