[2022-12-09 17:22:30] [INFO   ] cannot read configuration file config.properties trying from resources.
[2022-12-09 17:22:30] [INFO   ] configuration file was loaded from resources directory.
[2022-12-09 17:22:31] [SEVERE ] placing card 54 in slot 0
[2022-12-09 17:22:31] [SEVERE ] placing card 22 in slot 1
[2022-12-09 17:22:31] [SEVERE ] placing card 29 in slot 2
[2022-12-09 17:22:31] [SEVERE ] placing card 72 in slot 3
[2022-12-09 17:22:31] [SEVERE ] placing card 67 in slot 4
[2022-12-09 17:22:32] [SEVERE ] placing card 7 in slot 5
[2022-12-09 17:22:32] [SEVERE ] placing card 59 in slot 6
[2022-12-09 17:22:32] [SEVERE ] placing card 51 in slot 7
[2022-12-09 17:22:32] [SEVERE ] placing card 16 in slot 8
[2022-12-09 17:22:32] [SEVERE ] placing card 6 in slot 9
[2022-12-09 17:22:33] [SEVERE ] placing card 1 in slot 10
[2022-12-09 17:22:33] [SEVERE ] placing card 65 in slot 11
[2022-12-09 17:22:44] [SEVERE ] Key 81 was pressed by player 0
[2022-12-09 17:22:44] [SEVERE ] player 0 placing token on slot 0
[2022-12-09 17:22:47] [SEVERE ] Key 87 was pressed by player 0
[2022-12-09 17:22:47] [SEVERE ] player 0 placing token on slot 1
[2022-12-09 17:22:47] [SEVERE ] Key 69 was pressed by player 0
[2022-12-09 17:22:47] [SEVERE ] player 0 placing token on slot 2
[2022-12-09 17:23:30] [INFO   ] Thread main terminated.
