[2022-12-09 17:21:43] [INFO   ] cannot read configuration file config.properties trying from resources.
[2022-12-09 17:21:43] [INFO   ] configuration file was loaded from resources directory.
[2022-12-09 17:21:44] [SEVERE ] placing card 12 in slot 0
[2022-12-09 17:21:44] [SEVERE ] placing card 1 in slot 1
[2022-12-09 17:21:44] [SEVERE ] placing card 11 in slot 2
[2022-12-09 17:21:45] [SEVERE ] placing card 8 in slot 3
[2022-12-09 17:21:45] [SEVERE ] placing card 32 in slot 4
[2022-12-09 17:21:45] [SEVERE ] placing card 72 in slot 5
[2022-12-09 17:21:45] [SEVERE ] placing card 21 in slot 6
[2022-12-09 17:21:45] [SEVERE ] placing card 44 in slot 7
[2022-12-09 17:21:46] [SEVERE ] placing card 66 in slot 8
[2022-12-09 17:21:46] [SEVERE ] placing card 19 in slot 9
[2022-12-09 17:21:46] [SEVERE ] placing card 62 in slot 10
[2022-12-09 17:21:46] [SEVERE ] placing card 15 in slot 11
[2022-12-09 17:21:47] [SEVERE ] Key 81 was pressed by player 0
[2022-12-09 17:21:48] [SEVERE ] player 0 placing token on slot 0
[2022-12-09 17:21:48] [SEVERE ] Key 87 was pressed by player 0
[2022-12-09 17:21:48] [SEVERE ] player 0 placing token on slot 1
[2022-12-09 17:21:49] [SEVERE ] Key 87 was pressed by player 0
[2022-12-09 17:21:49] [SEVERE ] removing player 0 token from slot 1
[2022-12-09 17:21:49] [SEVERE ] Key 81 was pressed by player 0
[2022-12-09 17:21:49] [SEVERE ] removing player 0 token from slot 0
[2022-12-09 17:21:49] [SEVERE ] Key 81 was pressed by player 0
[2022-12-09 17:21:49] [SEVERE ] player 0 placing token on slot 0
[2022-12-09 17:21:50] [SEVERE ] Key 87 was pressed by player 0
[2022-12-09 17:21:50] [SEVERE ] player 0 placing token on slot 1
[2022-12-09 17:21:50] [SEVERE ] Key 69 was pressed by player 0
[2022-12-09 17:21:50] [SEVERE ] player 0 placing token on slot 2
[2022-12-09 17:21:51] [SEVERE ] Key 87 was pressed by player 0
[2022-12-09 17:21:51] [SEVERE ] removing player 0 token from slot 1
[2022-12-09 17:21:51] [SEVERE ] Key 81 was pressed by player 0
[2022-12-09 17:21:51] [SEVERE ] removing player 0 token from slot 0
[2022-12-09 17:21:51] [SEVERE ] Key 87 was pressed by player 0
[2022-12-09 17:21:51] [SEVERE ] player 0 placing token on slot 1
[2022-12-09 17:21:52] [SEVERE ] Key 69 was pressed by player 0
[2022-12-09 17:21:52] [SEVERE ] removing player 0 token from slot 2
[2022-12-09 17:21:55] [SEVERE ] Key 82 was pressed by player 0
[2022-12-09 17:21:55] [SEVERE ] player 0 placing token on slot 3
[2022-12-09 17:21:56] [SEVERE ] Key 69 was pressed by player 0
[2022-12-09 17:21:56] [SEVERE ] player 0 placing token on slot 2
[2022-12-09 17:21:56] [SEVERE ] Key 87 was pressed by player 0
[2022-12-09 17:21:56] [SEVERE ] removing player 0 token from slot 1
[2022-12-09 17:21:57] [SEVERE ] Key 81 was pressed by player 0
[2022-12-09 17:21:57] [SEVERE ] player 0 placing token on slot 0
[2022-12-09 17:21:57] [SEVERE ] Key 87 was pressed by player 0
[2022-12-09 17:21:57] [SEVERE ] player 0 placing token on slot 1
[2022-12-09 17:21:58] [SEVERE ] Key 82 was pressed by player 0
[2022-12-09 17:21:58] [SEVERE ] removing player 0 token from slot 3
[2022-12-09 17:21:58] [SEVERE ] Key 82 was pressed by player 0
[2022-12-09 17:21:58] [SEVERE ] player 0 placing token on slot 3
[2022-12-09 17:21:59] [SEVERE ] Key 82 was pressed by player 0
[2022-12-09 17:21:59] [SEVERE ] removing player 0 token from slot 3
[2022-12-09 17:22:00] [SEVERE ] Key 82 was pressed by player 0
[2022-12-09 17:22:00] [SEVERE ] player 0 placing token on slot 3
[2022-12-09 17:22:00] [SEVERE ] Key 69 was pressed by player 0
[2022-12-09 17:22:00] [SEVERE ] removing player 0 token from slot 2
[2022-12-09 17:22:02] [SEVERE ] Key 69 was pressed by player 0
[2022-12-09 17:22:02] [SEVERE ] player 0 placing token on slot 2
[2022-12-09 17:22:02] [SEVERE ] Key 87 was pressed by player 0
[2022-12-09 17:22:02] [SEVERE ] removing player 0 token from slot 1
[2022-12-09 17:22:03] [SEVERE ] Key 87 was pressed by player 0
[2022-12-09 17:22:03] [SEVERE ] player 0 placing token on slot 1
[2022-12-09 17:22:03] [SEVERE ] Key 81 was pressed by player 0
[2022-12-09 17:22:03] [SEVERE ] removing player 0 token from slot 0
[2022-12-09 17:22:04] [SEVERE ] Key 87 was pressed by player 0
[2022-12-09 17:22:04] [SEVERE ] removing player 0 token from slot 1
[2022-12-09 17:22:04] [SEVERE ] Key 81 was pressed by player 0
[2022-12-09 17:22:04] [SEVERE ] player 0 placing token on slot 0
[2022-12-09 17:22:05] [SEVERE ] Key 87 was pressed by player 0
[2022-12-09 17:22:05] [SEVERE ] player 0 placing token on slot 1
[2022-12-09 17:22:06] [SEVERE ] Key 65 was pressed by player 0
[2022-12-09 17:22:06] [SEVERE ] player 0 placing token on slot 4
[2022-12-09 17:22:06] [SEVERE ] Key 83 was pressed by player 0
[2022-12-09 17:22:06] [SEVERE ] player 0 placing token on slot 5
[2022-12-09 17:22:07] [SEVERE ] Key 68 was pressed by player 0
[2022-12-09 17:22:07] [SEVERE ] player 0 placing token on slot 6
[2022-12-09 17:22:07] [SEVERE ] Key 70 was pressed by player 0
[2022-12-09 17:22:07] [SEVERE ] player 0 placing token on slot 7
[2022-12-09 17:22:09] [SEVERE ] Exit button pressed
